<?xml version="1.0" encoding="UTF-8"?>
<testng-results skipped="0" failed="0" ignored="0" total="1" passed="1">
  <reporter-output>
  </reporter-output>
  <suite name="Default suite" duration-ms="4805" started-at="2019-05-16T08:43:36Z" finished-at="2019-05-16T08:43:41Z">
    <groups>
    </groups>
    <test name="Default test" duration-ms="4805" started-at="2019-05-16T08:43:36Z" finished-at="2019-05-16T08:43:41Z">
      <class name="com.test.PhpAboutTest">
        <test-method status="PASS" signature="launch()[pri:0, instance:com.test.PhpAboutTest@5b275dab]" name="launch" is-config="true" duration-ms="4481" started-at="2019-05-16T08:43:36Z" finished-at="2019-05-16T08:43:41Z">
          <reporter-output>
          </reporter-output>
        </test-method> <!-- launch -->
        <test-method status="PASS" signature="testAbout()[pri:0, instance:com.test.PhpAboutTest@5b275dab]" name="testAbout" duration-ms="218" started-at="2019-05-16T08:43:41Z" finished-at="2019-05-16T08:43:41Z">
          <reporter-output>
          </reporter-output>
        </test-method> <!-- testAbout -->
        <test-method status="PASS" signature="close()[pri:0, instance:com.test.PhpAboutTest@5b275dab]" name="close" is-config="true" duration-ms="59" started-at="2019-05-16T08:43:41Z" finished-at="2019-05-16T08:43:41Z">
          <reporter-output>
          </reporter-output>
        </test-method> <!-- close -->
      </class> <!-- com.test.PhpAboutTest -->
    </test> <!-- Default test -->
  </suite> <!-- Default suite -->
</testng-results>
